<?xml version="1.0" encoding="UTF-8"?>
<testsuite xmlns:xsi="http://www.w3.org/2001/XMLSchema-instance" xsi:noNamespaceSchemaLocation="https://maven.apache.org/surefire/maven-surefire-plugin/xsd/surefire-test-report-3.0.xsd" version="3.0" name="com.prashanth.expense.ExpenseApplicationTests" time="3.862" tests="1" errors="0" skipped="0" failures="0">
  <properties>
[...]
</properties>
  <testcase name="contextLoads" classname="com.prashanth.expense.ExpenseApplicationTests" time="0.576">
    <system-out><![CDATA[Standard Commons Logging discovery in action with spring-jcl: please remove commons-logging.jar from classpath in order to avoid potential conflicts
22:18:52.926 [main] INFO org.springframework.test.context.support.AnnotationConfigContextLoaderUtils -- Could not detect default configuration classes for test class [com.prashanth.expense.ExpenseApplicationTests]: ExpenseApplicationTests does not declare any static, non-private, non-final, nested classes annotated with @Configuration.
22:18:53.003 [main] INFO org.springframework.boot.test.context.SpringBootTestContextBootstrapper -- Found @SpringBootConfiguration com.prashanth.expense.ExpenseApplication for test class com.prashanth.expense.ExpenseApplicationTests

  .   ____          _            __ _ _
 /\\ / ___'_ __ _ _(_)_ __  __ _ \ \ \ \
( ( )\___ | '_ | '_| | '_ \/ _` | \ \ \ \
 \\/  ___)| |_)| | | | | || (_| |  ) ) ) )
  '  |____| .__|_| |_|_| |_\__, | / / / /
 =========|_|==============|___/=/_/_/_/
 :: Spring Boot ::                (v3.2.2)

2024-07-25T22:18:53.312+05:30  INFO 27588 --- [           main] c.p.expense.ExpenseApplicationTests      : Starting ExpenseApplicationTests using Java 17.0.9 with PID 27588 (started by win10 in C:\MyFiles\Learnings\SpringBoot\Expense Tracker Final\Expense-Tracker-main)
2024-07-25T22:18:53.313+05:30  INFO 27588 --- [           main] c.p.expense.ExpenseApplicationTests      : No active profile set, falling back to 1 default profile: "default"
2024-07-25T22:18:53.861+05:30  INFO 27588 --- [           main] .s.d.r.c.RepositoryConfigurationDelegate : Bootstrapping Spring Data MongoDB repositories in DEFAULT mode.
2024-07-25T22:18:53.907+05:30  INFO 27588 --- [           main] .s.d.r.c.RepositoryConfigurationDelegate : Finished Spring Data repository scanning in 42 ms. Found 2 MongoDB repository interfaces.
2024-07-25T22:18:54.238+05:30  INFO 27588 --- [4s5.mongodb.net] org.mongodb.driver.cluster               : Adding discovered server ac-c4um3vx-shard-00-01.yvz94s5.mongodb.net:27017 to client view of cluster
2024-07-25T22:18:54.254+05:30  INFO 27588 --- [           main] org.mongodb.driver.client                : MongoClient with metadata {"driver": {"name": "mongo-java-driver|sync|spring-boot", "version": "4.11.1"}, "os": {"type": "Windows", "name": "Windows 10", "architecture": "amd64", "version": "10.0"}, "platform": "Java/Oracle Corporation/17.0.9+11-LTS-201"} created with settings MongoClientSettings{readPreference=primary, writeConcern=WriteConcern{w=majority, wTimeout=null ms, journal=null}, retryWrites=true, retryReads=true, readConcern=ReadConcern{level=null}, credential=MongoCredential{mechanism=null, userName='LiveDB', source='admin', password=<hidden>, mechanismProperties=<hidden>}, transportSettings=null, streamFactoryFactory=null, commandListeners=[], codecRegistry=ProvidersCodecRegistry{codecProviders=[ValueCodecProvider{}, BsonValueCodecProvider{}, DBRefCodecProvider{}, DBObjectCodecProvider{}, DocumentCodecProvider{}, CollectionCodecProvider{}, IterableCodecProvider{}, MapCodecProvider{}, GeoJsonCodecProvider{}, GridFSFileCodecProvider{}, Jsr310CodecProvider{}, JsonObjectCodecProvider{}, BsonCodecProvider{}, EnumCodecProvider{}, com.mongodb.client.model.mql.ExpressionCodecProvider@478b0739, com.mongodb.Jep395RecordCodecProvider@2cca611f, com.mongodb.KotlinCodecProvider@51f95f0d]}, loggerSettings=LoggerSettings{maxDocumentLength=1000}, clusterSettings={hosts=[127.0.0.1:27017], srvHost=expensepjlive.yvz94s5.mongodb.net, srvServiceName=mongodb, mode=MULTIPLE, requiredClusterType=REPLICA_SET, requiredReplicaSetName='atlas-12z7yp-shard-0', serverSelector='null', clusterListeners='[]', serverSelectionTimeout='30000 ms', localThreshold='15 ms'}, socketSettings=SocketSettings{connectTimeoutMS=10000, readTimeoutMS=0, receiveBufferSize=0, proxySettings=ProxySettings{host=null, port=null, username=null, password=null}}, heartbeatSocketSettings=SocketSettings{connectTimeoutMS=10000, readTimeoutMS=10000, receiveBufferSize=0, proxySettings=ProxySettings{host=null, port=null, username=null, password=null}}, connectionPoolSettings=ConnectionPoolSettings{maxSize=100, minSize=0, maxWaitTimeMS=120000, maxConnectionLifeTimeMS=0, maxConnectionIdleTimeMS=0, maintenanceInitialDelayMS=0, maintenanceFrequencyMS=60000, connectionPoolListeners=[], maxConnecting=2}, serverSettings=ServerSettings{heartbeatFrequencyMS=10000, minHeartbeatFrequencyMS=500, serverListeners='[]', serverMonitorListeners='[]'}, sslSettings=SslSettings{enabled=true, invalidHostNameAllowed=false, context=null}, applicationName='null', compressorList=[], uuidRepresentation=JAVA_LEGACY, serverApi=null, autoEncryptionSettings=null, dnsClient=null, inetAddressResolver=null, contextProvider=null}
2024-07-25T22:18:54.258+05:30  INFO 27588 --- [4s5.mongodb.net] org.mongodb.driver.cluster               : Adding discovered server ac-c4um3vx-shard-00-00.yvz94s5.mongodb.net:27017 to client view of cluster
2024-07-25T22:18:54.261+05:30  INFO 27588 --- [4s5.mongodb.net] org.mongodb.driver.cluster               : Adding discovered server ac-c4um3vx-shard-00-02.yvz94s5.mongodb.net:27017 to client view of cluster
2024-07-25T22:18:54.587+05:30  INFO 27588 --- [ngodb.net:27017] org.mongodb.driver.cluster               : Monitor thread successfully connected to server with description ServerDescription{address=ac-c4um3vx-shard-00-02.yvz94s5.mongodb.net:27017, type=REPLICA_SET_SECONDARY, state=CONNECTED, ok=true, minWireVersion=0, maxWireVersion=21, maxDocumentSize=16777216, logicalSessionTimeoutMinutes=30, roundTripTimeNanos=196100300, setName='atlas-12z7yp-shard-0', canonicalAddress=ac-c4um3vx-shard-00-02.yvz94s5.mongodb.net:27017, hosts=[ac-c4um3vx-shard-00-00.yvz94s5.mongodb.net:27017, ac-c4um3vx-shard-00-02.yvz94s5.mongodb.net:27017, ac-c4um3vx-shard-00-01.yvz94s5.mongodb.net:27017], passives=[], arbiters=[], primary='ac-c4um3vx-shard-00-01.yvz94s5.mongodb.net:27017', tagSet=TagSet{[Tag{name='availabilityZone', value='asia-south1-c'}, Tag{name='diskState', value='READY'}, Tag{name='nodeType', value='ELECTABLE'}, Tag{name='provider', value='GCP'}, Tag{name='region', value='ASIA_SOUTH_1'}, Tag{name='workloadType', value='OPERATIONAL'}]}, electionId=null, setVersion=11, topologyVersion=TopologyVersion{processId=668ea3ac7ad723fa38498854, counter=3}, lastWriteDate=Thu Jul 25 22:18:56 IST 2024, lastUpdateTimeNanos=461169074817300}
2024-07-25T22:18:55.441+05:30  INFO 27588 --- [ngodb.net:27017] org.mongodb.driver.cluster               : Monitor thread successfully connected to server with description ServerDescription{address=ac-c4um3vx-shard-00-01.yvz94s5.mongodb.net:27017, type=REPLICA_SET_PRIMARY, state=CONNECTED, ok=true, minWireVersion=0, maxWireVersion=21, maxDocumentSize=16777216, logicalSessionTimeoutMinutes=30, roundTripTimeNanos=42475400, setName='atlas-12z7yp-shard-0', canonicalAddress=ac-c4um3vx-shard-00-01.yvz94s5.mongodb.net:27017, hosts=[ac-c4um3vx-shard-00-00.yvz94s5.mongodb.net:27017, ac-c4um3vx-shard-00-02.yvz94s5.mongodb.net:27017, ac-c4um3vx-shard-00-01.yvz94s5.mongodb.net:27017], passives=[], arbiters=[], primary='ac-c4um3vx-shard-00-01.yvz94s5.mongodb.net:27017', tagSet=TagSet{[Tag{name='availabilityZone', value='asia-south1-b'}, Tag{name='diskState', value='READY'}, Tag{name='nodeType', value='ELECTABLE'}, Tag{name='provider', value='GCP'}, Tag{name='region', value='ASIA_SOUTH_1'}, Tag{name='workloadType', value='OPERATIONAL'}]}, electionId=7fffffff0000000000000096, setVersion=11, topologyVersion=TopologyVersion{processId=668ea358777ee90546a260d2, counter=6}, lastWriteDate=Thu Jul 25 22:18:57 IST 2024, lastUpdateTimeNanos=461169933006300}
2024-07-25T22:18:55.442+05:30  INFO 27588 --- [ngodb.net:27017] org.mongodb.driver.cluster               : Discovered replica set primary ac-c4um3vx-shard-00-01.yvz94s5.mongodb.net:27017 with max election id 7fffffff0000000000000096 and max set version 11
2024-07-25T22:18:55.451+05:30  INFO 27588 --- [ngodb.net:27017] org.mongodb.driver.cluster               : Monitor thread successfully connected to server with description ServerDescription{address=ac-c4um3vx-shard-00-00.yvz94s5.mongodb.net:27017, type=REPLICA_SET_SECONDARY, state=CONNECTED, ok=true, minWireVersion=0, maxWireVersion=21, maxDocumentSize=16777216, logicalSessionTimeoutMinutes=30, roundTripTimeNanos=52262600, setName='atlas-12z7yp-shard-0', canonicalAddress=ac-c4um3vx-shard-00-00.yvz94s5.mongodb.net:27017, hosts=[ac-c4um3vx-shard-00-00.yvz94s5.mongodb.net:27017, ac-c4um3vx-shard-00-02.yvz94s5.mongodb.net:27017, ac-c4um3vx-shard-00-01.yvz94s5.mongodb.net:27017], passives=[], arbiters=[], primary='ac-c4um3vx-shard-00-01.yvz94s5.mongodb.net:27017', tagSet=TagSet{[Tag{name='availabilityZone', value='asia-south1-a'}, Tag{name='diskState', value='READY'}, Tag{name='nodeType', value='ELECTABLE'}, Tag{name='provider', value='GCP'}, Tag{name='region', value='ASIA_SOUTH_1'}, Tag{name='workloadType', value='OPERATIONAL'}]}, electionId=null, setVersion=11, topologyVersion=TopologyVersion{processId=668ea306976463eba5164554, counter=4}, lastWriteDate=Thu Jul 25 22:18:57 IST 2024, lastUpdateTimeNanos=461169942791000}
2024-07-25T22:18:55.800+05:30  INFO 27588 --- [           main] c.p.expense.ExpenseApplicationTests      : Started ExpenseApplicationTests in 2.664 seconds (process running for 3.391)
2024-07-25T22:18:56.077+05:30  INFO 27588 --- [           main] c.p.e.s.InitFilterCommandLineRunner      : Filter Cleared
]]></system-out>
  </testcase>
</testsuite>